-------------------------------------------------------------------------------
Test set: com.hogwarts.junit5Basics.ch04_junit5assert.AssertNoNullTest
-------------------------------------------------------------------------------
Tests run: 2, Failures: 1, Errors: 0, Skipped: 0, Time elapsed: 0.005 s <<< FAILURE! - in com.hogwarts.junit5Basics.ch04_junit5assert.AssertNoNullTest
nullDemo  Time elapsed: 0.002 s  <<< FAILURE!
org.opentest4j.AssertionFailedError: expected: not <null>
	at com.hogwarts.junit5Basics.ch04_junit5assert.AssertNoNullTest.nullDemo(AssertNoNullTest.java:12)

