<?xml version="1.0" encoding="UTF-8"?>
<testsuite xmlns:xsi="http://www.w3.org/2001/XMLSchema-instance" xsi:noNamespaceSchemaLocation="https://maven.apache.org/surefire/maven-surefire-plugin/xsd/surefire-test-report.xsd" name="com.hogwarts.junit5Basics.ch01.FirstJunitTest" time="0.031" tests="2" errors="0" skipped="0" failures="0">
  <properties>
[...]
</properties>
  <testcase name="second" classname="com.hogwarts.junit5Basics.ch01.FirstJunitTest" time="0.021"/>
  <testcase name="first" classname="com.hogwarts.junit5Basics.ch01.FirstJunitTest" time="0.001"/>
</testsuite>