<?xml version="1.0" encoding="UTF-8"?>
<testsuite xmlns:xsi="http://www.w3.org/2001/XMLSchema-instance" xsi:noNamespaceSchemaLocation="https://maven.apache.org/surefire/maven-surefire-plugin/xsd/surefire-test-report.xsd" name="com.hogwarts.selenium.ch15_advanced.ScreenTest" time="3.037" tests="1" errors="0" skipped="0" failures="1">
  <properties>
[...]
</properties>
  <testcase name="ceshiren" classname="com.hogwarts.selenium.ch15_advanced.ScreenTest" time="1.827">
    <failure message="Exceptionorg.openqa.selenium.NoSuchElementException: no such element: Unable to locate element: {&quot;method&quot;:&quot;css selector&quot;,&quot;selector&quot;:&quot;*[name=&apos;adv&apos;]&quot;}&#10;  (Session info: chrome=87.0.4280.88)&#10;For documentation on this error, please visit: https://selenium.dev/exceptions/#no_such_element&#10;Build info: version: &apos;4.1.3&apos;, revision: &apos;7b1ebf28ef&apos;&#10;System info: host: &apos;lixiaochendeMacBook-Pro.local&apos;, ip: &apos;2409:8a00:791d:d1d0:3d44:3a3b:27bf:603a%en0&apos;, os.name: &apos;Mac OS X&apos;, os.arch: &apos;x86_64&apos;, os.version: &apos;10.15.6&apos;, java.version: &apos;1.8.0_191&apos;&#10;Driver info: org.openqa.selenium.chrome.ChromeDriver&#10;Command: [571442bd6d31fa2f5cea3b75ef8c37e4, findElement {using=name, value=adv}]&#10;Capabilities {acceptInsecureCerts: false, browserName: chrome, browserVersion: 87.0.4280.88, chrome: {chromedriverVersion: 87.0.4280.88 (89e2380a3e36c..., userDataDir: /var/folders/1s/bkpt7crj073...}, goog:chromeOptions: {debuggerAddress: localhost:50496}, javascriptEnabled: true, networkConnectionEnabled: false, pageLoadStrategy: normal, platform: MAC, platformName: MAC, proxy: Proxy(), se:cdp: ws://localhost:50496/devtoo..., se:cdpVersion: 87.0.4280.88, setWindowRect: true, strictFileInteractability: false, timeouts: {implicit: 0, pageLoad: 300000, script: 30000}, unhandledPromptBehavior: dismiss and notify, webauthn:virtualAuthenticators: true}&#10;Session ID: 571442bd6d31fa2f5cea3b75ef8c37e4" type="org.opentest4j.AssertionFailedError">org.opentest4j.AssertionFailedError: 
Exceptionorg.openqa.selenium.NoSuchElementException: no such element: Unable to locate element: {"method":"css selector","selector":"*[name='adv']"}
  (Session info: chrome=87.0.4280.88)
For documentation on this error, please visit: https://selenium.dev/exceptions/#no_such_element
Build info: version: '4.1.3', revision: '7b1ebf28ef'
System info: host: 'lixiaochendeMacBook-Pro.local', ip: '2409:8a00:791d:d1d0:3d44:3a3b:27bf:603a%en0', os.name: 'Mac OS X', os.arch: 'x86_64', os.version: '10.15.6', java.version: '1.8.0_191'
Driver info: org.openqa.selenium.chrome.ChromeDriver
Command: [571442bd6d31fa2f5cea3b75ef8c37e4, findElement {using=name, value=adv}]
Capabilities {acceptInsecureCerts: false, browserName: chrome, browserVersion: 87.0.4280.88, chrome: {chromedriverVersion: 87.0.4280.88 (89e2380a3e36c..., userDataDir: /var/folders/1s/bkpt7crj073...}, goog:chromeOptions: {debuggerAddress: localhost:50496}, javascriptEnabled: true, networkConnectionEnabled: false, pageLoadStrategy: normal, platform: MAC, platformName: MAC, proxy: Proxy(), se:cdp: ws://localhost:50496/devtoo..., se:cdpVersion: 87.0.4280.88, setWindowRect: true, strictFileInteractability: false, timeouts: {implicit: 0, pageLoad: 300000, script: 30000}, unhandledPromptBehavior: dismiss and notify, webauthn:virtualAuthenticators: true}
Session ID: 571442bd6d31fa2f5cea3b75ef8c37e4
	at com.hogwarts.selenium.ch15_advanced.ScreenTest.ceshiren(ScreenTest.java:55)
</failure>
    <system-out><![CDATA[执行case失败
]]></system-out>
    <system-err><![CDATA[Starting ChromeDriver 87.0.4280.88 (89e2380a3e36c3464b5dd1302349b1382549290d-refs/branch-heads/4280@{#1761}) on port 61436
Only local connections are allowed.
Please see https://chromedriver.chromium.org/security-considerations for suggestions on keeping ChromeDriver safe.
ChromeDriver was started successfully.
二月 09, 2023 9:13:13 上午 org.openqa.selenium.remote.ProtocolHandshake createSession
信息: Detected dialect: W3C
二月 09, 2023 9:13:13 上午 org.openqa.selenium.devtools.CdpVersionFinder findNearestMatch
警告: Unable to find an exact match for CDP version 87, so returning the closest version found: 85
二月 09, 2023 9:13:13 上午 org.openqa.selenium.devtools.CdpVersionFinder findNearestMatch
信息: Found CDP implementation for version 87 of 85
]]></system-err>
  </testcase>
</testsuite>