<?xml version="1.0" encoding="UTF-8"?>
<testsuite xmlns:xsi="http://www.w3.org/2001/XMLSchema-instance" xsi:noNamespaceSchemaLocation="https://maven.apache.org/surefire/maven-surefire-plugin/xsd/surefire-test-report.xsd" name="com.hogwarts.junit5Basics.ch08_junit5casename.DisplayNameExampleTest" time="0.01" tests="3" errors="0" skipped="0" failures="0">
  <properties>
[...]
</properties>
  <testcase name="hogwarts_three" classname="com.hogwarts.junit5Basics.ch08_junit5casename.DisplayNameExampleTest" time="0.003"/>
  <testcase name="hogwartsOne" classname="com.hogwarts.junit5Basics.ch08_junit5casename.DisplayNameExampleTest" time="0.002"/>
  <testcase name="hogwartsTwo" classname="com.hogwarts.junit5Basics.ch08_junit5casename.DisplayNameExampleTest" time="0.001"/>
</testsuite>