<?xml version="1.0" encoding="UTF-8"?>
<testsuite xmlns:xsi="http://www.w3.org/2001/XMLSchema-instance" xsi:noNamespaceSchemaLocation="https://maven.apache.org/surefire/maven-surefire-plugin/xsd/surefire-test-report.xsd" name="com.hogwarts.junit5Basics.ceshiren.CalculatorSubtractTest" time="0.058" tests="9" errors="0" skipped="0" failures="3">
  <properties>
[...]
</properties>
  <testcase name="test1" classname="com.hogwarts.junit5Basics.ceshiren.CalculatorSubtractTest" time="0.003"/>
  <testcase name="Ca_add_010{int, int, int}[1]" classname="com.hogwarts.junit5Basics.ceshiren.CalculatorSubtractTest" time="0.005"/>
  <testcase name="Ca_add_010{int, int, int}[2]" classname="com.hogwarts.junit5Basics.ceshiren.CalculatorSubtractTest" time="0.004"/>
  <testcase name="Ca_add_010{int, int, int}[3]" classname="com.hogwarts.junit5Basics.ceshiren.CalculatorSubtractTest" time="0.002"/>
  <testcase name="Ca_add_010{int, int, int}[4]" classname="com.hogwarts.junit5Basics.ceshiren.CalculatorSubtractTest" time="0.003"/>
  <testcase name="Ca_add_010{int, int, int}[5]" classname="com.hogwarts.junit5Basics.ceshiren.CalculatorSubtractTest" time="0.004"/>
  <testcase name="Ca_add_016{int, int}[1]" classname="com.hogwarts.junit5Basics.ceshiren.CalculatorSubtractTest" time="0.006">
    <failure message="Expected java.lang.IllegalArgumentException to be thrown, but nothing was thrown." type="org.opentest4j.AssertionFailedError">org.opentest4j.AssertionFailedError: Expected java.lang.IllegalArgumentException to be thrown, but nothing was thrown.
	at com.hogwarts.junit5Basics.ceshiren.CalculatorSubtractTest.Ca_add_016(CalculatorSubtractTest.java:49)
</failure>
    <system-out><![CDATA[2022-06-26 17:10:13 [main] INFO  com.hogwarts.ceshiren.Calculator.initId(49) -- 生成ID：a6a789a6-0528-4b6f-9f4c-5db7545239d5 并绑定
2022-06-26 17:10:13 [main] INFO  c.h.j.ceshiren.CalculatorBaseTest.beforeEach(48) -- 开始计算
2022-06-26 17:10:13 [main] WARN  com.hogwarts.ceshiren.Calculator.subtract(94) -- 请输入范围内的整数
2022-06-26 17:10:13 [main] INFO  c.h.j.ceshiren.CalculatorBaseTest.afterEach(56) -- 计算结果为:0
2022-06-26 17:10:13 [main] INFO  com.hogwarts.ceshiren.Calculator.destroyId(56) -- ID: a6a789a6-0528-4b6f-9f4c-5db7545239d5 释放
]]></system-out>
  </testcase>
  <testcase name="Ca_add_016{int, int}[2]" classname="com.hogwarts.junit5Basics.ceshiren.CalculatorSubtractTest" time="0.004">
    <failure message="Expected java.lang.IllegalArgumentException to be thrown, but nothing was thrown." type="org.opentest4j.AssertionFailedError">org.opentest4j.AssertionFailedError: Expected java.lang.IllegalArgumentException to be thrown, but nothing was thrown.
	at com.hogwarts.junit5Basics.ceshiren.CalculatorSubtractTest.Ca_add_016(CalculatorSubtractTest.java:49)
</failure>
    <system-out><![CDATA[2022-06-26 17:10:13 [main] INFO  com.hogwarts.ceshiren.Calculator.initId(49) -- 生成ID：14d34eb4-08d7-4911-8298-8dd6e2bdf5b7 并绑定
2022-06-26 17:10:13 [main] INFO  c.h.j.ceshiren.CalculatorBaseTest.beforeEach(48) -- 开始计算
2022-06-26 17:10:13 [main] WARN  com.hogwarts.ceshiren.Calculator.subtract(94) -- 请输入范围内的整数
2022-06-26 17:10:13 [main] INFO  c.h.j.ceshiren.CalculatorBaseTest.afterEach(56) -- 计算结果为:0
2022-06-26 17:10:13 [main] INFO  com.hogwarts.ceshiren.Calculator.destroyId(56) -- ID: 14d34eb4-08d7-4911-8298-8dd6e2bdf5b7 释放
]]></system-out>
  </testcase>
  <testcase name="Ca_add_016{int, int}[3]" classname="com.hogwarts.junit5Basics.ceshiren.CalculatorSubtractTest" time="0.005">
    <failure message="Expected java.lang.IllegalArgumentException to be thrown, but nothing was thrown." type="org.opentest4j.AssertionFailedError">org.opentest4j.AssertionFailedError: Expected java.lang.IllegalArgumentException to be thrown, but nothing was thrown.
	at com.hogwarts.junit5Basics.ceshiren.CalculatorSubtractTest.Ca_add_016(CalculatorSubtractTest.java:49)
</failure>
    <system-out><![CDATA[2022-06-26 17:10:13 [main] INFO  com.hogwarts.ceshiren.Calculator.initId(49) -- 生成ID：3bed5f84-4074-4a95-bc2e-b3a0d8b5f28d 并绑定
2022-06-26 17:10:13 [main] INFO  c.h.j.ceshiren.CalculatorBaseTest.beforeEach(48) -- 开始计算
2022-06-26 17:10:13 [main] WARN  com.hogwarts.ceshiren.Calculator.subtract(94) -- 请输入范围内的整数
2022-06-26 17:10:13 [main] INFO  c.h.j.ceshiren.CalculatorBaseTest.afterEach(56) -- 计算结果为:0
2022-06-26 17:10:13 [main] INFO  com.hogwarts.ceshiren.Calculator.destroyId(56) -- ID: 3bed5f84-4074-4a95-bc2e-b3a0d8b5f28d 释放
]]></system-out>
  </testcase>
</testsuite>